build/app/intermediates/manifest_merge_blame_file/release/manifest-merger-blame-release-report.txt
1<?xml version="1.0" encoding="utf-8"?>
2<manifest xmlns:android="http://schemas.android.com/apk/res/android"
3    package="com.SIVYHAMAGRICULTURETECHNOLOGY.poultry"
4    android:versionCode="1"
5    android:versionName="1.0.0" >
6
7    <uses-sdk
8        android:minSdkVersion="23"
8-->src\main\AndroidManifest.xml
9        android:targetSdkVersion="34" />
9-->src\main\AndroidManifest.xml
10
11    <uses-permission android:name="android.permission.INTERNET" />
11-->src\main\AndroidManifest.xml:4:5-66
11-->src\main\AndroidManifest.xml:4:22-64
12    <uses-permission android:name="android.permission.CAMERA" />
12-->src\main\AndroidManifest.xml:5:5-64
12-->src\main\AndroidManifest.xml:5:22-62
13    <uses-permission
13-->src\main\AndroidManifest.xml:6:5-106
14        android:name="android.permission.READ_EXTERNAL_STORAGE"
14-->src\main\AndroidManifest.xml:6:22-77
15        android:maxSdkVersion="32" />
15-->src\main\AndroidManifest.xml:6:78-104
16    <uses-permission
16-->src\main\AndroidManifest.xml:7:5-107
17        android:name="android.permission.WRITE_EXTERNAL_STORAGE"
17-->src\main\AndroidManifest.xml:7:22-78
18        android:maxSdkVersion="32" />
18-->src\main\AndroidManifest.xml:7:79-105
19    <uses-permission android:name="android.permission.READ_MEDIA_IMAGES" />
19-->src\main\AndroidManifest.xml:8:5-75
19-->src\main\AndroidManifest.xml:8:22-73
20    <uses-permission android:name="android.permission.READ_MEDIA_VIDEO" />
20-->src\main\AndroidManifest.xml:9:5-74
20-->src\main\AndroidManifest.xml:9:22-72
21    <uses-permission android:name="android.permission.USE_FINGERPRINT" />
21-->src\main\AndroidManifest.xml:10:5-73
21-->src\main\AndroidManifest.xml:10:22-71
22    <uses-permission android:name="android.permission.BLUETOOTH" />
22-->src\main\AndroidManifest.xml:11:5-68
22-->src\main\AndroidManifest.xml:11:22-65
23    <uses-permission android:name="android.permission.ACCESS_FINE_LOCATION" />
23-->src\main\AndroidManifest.xml:12:5-78
23-->src\main\AndroidManifest.xml:12:22-76
24    <uses-permission android:name="android.permission.ACCESS_COARSE_LOCATION" />
24-->src\main\AndroidManifest.xml:13:5-80
24-->src\main\AndroidManifest.xml:13:22-78
25    <uses-permission android:name="android.permission.READ_CONTACTS" />
25-->src\main\AndroidManifest.xml:14:5-71
25-->src\main\AndroidManifest.xml:14:22-69
26    <uses-permission android:name="android.permission.WRITE_CONTACTS" />
26-->src\main\AndroidManifest.xml:15:5-72
26-->src\main\AndroidManifest.xml:15:22-70
27    <uses-permission android:name="android.permission.RECORD_AUDIO" />
27-->src\main\AndroidManifest.xml:16:5-71
27-->src\main\AndroidManifest.xml:16:22-68
28    <uses-permission android:name="android.permission.POST_NOTIFICATIONS" />
28-->src\main\AndroidManifest.xml:18:5-76
28-->src\main\AndroidManifest.xml:18:22-74
29
30    <queries>
30-->[:file_picker] AndroidManifest.xml:13:5-19:15
31        <intent>
31-->[:file_picker] AndroidManifest.xml:14:9-18:18
32            <action android:name="android.intent.action.GET_CONTENT" />
32-->[:file_picker] AndroidManifest.xml:15:13-72
32-->[:file_picker] AndroidManifest.xml:15:21-69
33
34            <data android:mimeType="*/*" />
34-->src\main\AndroidManifest.xml:37:17-75
35        </intent>
36
37        <package android:name="com.facebook.katana" />
37-->[com.facebook.android:facebook-common:17.0.1] AndroidManifest.xml:18:9-55
37-->[com.facebook.android:facebook-common:17.0.1] AndroidManifest.xml:18:18-52
38    </queries>
39
40    <uses-permission android:name="android.permission.ACCESS_NETWORK_STATE" />
40-->[com.google.firebase:firebase-auth:23.0.0] AndroidManifest.xml:26:5-79
40-->[com.google.firebase:firebase-auth:23.0.0] AndroidManifest.xml:26:22-76
41    <uses-permission android:name="com.google.android.providers.gsf.permission.READ_GSERVICES" />
41-->[com.google.android.recaptcha:recaptcha:18.4.0] AndroidManifest.xml:9:5-98
41-->[com.google.android.recaptcha:recaptcha:18.4.0] AndroidManifest.xml:9:22-95
42    <uses-permission android:name="com.google.android.gms.permission.AD_ID" />
42-->[com.facebook.android:facebook-core:17.0.1] AndroidManifest.xml:16:5-79
42-->[com.facebook.android:facebook-core:17.0.1] AndroidManifest.xml:16:22-76
43
44    <permission
44-->[androidx.core:core:1.13.1] AndroidManifest.xml:22:5-24:47
45        android:name="com.SIVYHAMAGRICULTURETECHNOLOGY.poultry.DYNAMIC_RECEIVER_NOT_EXPORTED_PERMISSION"
45-->[androidx.core:core:1.13.1] AndroidManifest.xml:23:9-81
46        android:protectionLevel="signature" />
46-->[androidx.core:core:1.13.1] AndroidManifest.xml:24:9-44
47
48    <uses-permission android:name="com.SIVYHAMAGRICULTURETECHNOLOGY.poultry.DYNAMIC_RECEIVER_NOT_EXPORTED_PERMISSION" />
48-->[androidx.core:core:1.13.1] AndroidManifest.xml:26:5-97
48-->[androidx.core:core:1.13.1] AndroidManifest.xml:26:22-94
49    <uses-permission android:name="com.google.android.finsky.permission.BIND_GET_INSTALL_REFERRER_SERVICE" />
49-->[com.android.installreferrer:installreferrer:1.0] AndroidManifest.xml:9:5-110
49-->[com.android.installreferrer:installreferrer:1.0] AndroidManifest.xml:9:22-107
50
51    <application
51-->src\main\AndroidManifest.xml:19:5-89:19
52        android:appComponentFactory="androidx.core.app.CoreComponentFactory"
52-->[androidx.core:core:1.13.1] AndroidManifest.xml:28:18-86
53        android:extractNativeLibs="false"
54        android:icon="@mipmap/ic_launcher"
54-->src\main\AndroidManifest.xml:22:9-43
55        android:label="Natech PoultryPro"
55-->src\main\AndroidManifest.xml:20:9-42
56        android:requestLegacyExternalStorage="true"
56-->src\main\AndroidManifest.xml:23:9-52
57        android:supportsRtl="true" >
57-->[com.facebook.android:facebook-login:17.0.1] AndroidManifest.xml:16:18-44
58        <meta-data
58-->src\main\AndroidManifest.xml:24:9-25:50
59            android:name="com.facebook.sdk.ApplicationId"
59-->src\main\AndroidManifest.xml:24:20-65
60            android:value="@string/facebook_app_id" />
60-->src\main\AndroidManifest.xml:25:9-48
61
62        <activity
62-->src\main\AndroidManifest.xml:26:9-29:48
63            android:name="com.facebook.FacebookActivity"
63-->src\main\AndroidManifest.xml:26:19-63
64            android:configChanges="keyboard|keyboardHidden|screenLayout|screenSize|orientation"
64-->src\main\AndroidManifest.xml:27:13-117
65            android:label="@string/app_name"
65-->src\main\AndroidManifest.xml:29:13-45
66            android:theme="@style/com_facebook_activity_theme" />
66-->[com.facebook.android:facebook-common:17.0.1] AndroidManifest.xml:25:13-63
67        <activity
67-->src\main\AndroidManifest.xml:30:9-39:20
68            android:name="com.facebook.CustomTabActivity"
68-->src\main\AndroidManifest.xml:31:13-58
69            android:exported="true" >
69-->src\main\AndroidManifest.xml:32:13-36
70            <intent-filter>
70-->src\main\AndroidManifest.xml:33:13-38:29
71                <action android:name="android.intent.action.VIEW" />
71-->src\main\AndroidManifest.xml:34:17-69
71-->src\main\AndroidManifest.xml:34:25-66
72
73                <category android:name="android.intent.category.DEFAULT" />
73-->src\main\AndroidManifest.xml:35:17-76
73-->src\main\AndroidManifest.xml:35:27-73
74                <category android:name="android.intent.category.BROWSABLE" />
74-->src\main\AndroidManifest.xml:36:17-78
74-->src\main\AndroidManifest.xml:36:27-75
75
76                <data android:scheme="@string/fb_login_protocol_scheme" />
76-->src\main\AndroidManifest.xml:37:17-75
76-->src\main\AndroidManifest.xml:37:23-72
77            </intent-filter>
78            <intent-filter>
78-->[com.facebook.android:facebook-common:17.0.1] AndroidManifest.xml:31:13-40:29
79                <action android:name="android.intent.action.VIEW" />
79-->src\main\AndroidManifest.xml:34:17-69
79-->src\main\AndroidManifest.xml:34:25-66
80
81                <category android:name="android.intent.category.DEFAULT" />
81-->src\main\AndroidManifest.xml:35:17-76
81-->src\main\AndroidManifest.xml:35:27-73
82                <category android:name="android.intent.category.BROWSABLE" />
82-->src\main\AndroidManifest.xml:36:17-78
82-->src\main\AndroidManifest.xml:36:27-75
83
84                <data
84-->src\main\AndroidManifest.xml:37:17-75
85                    android:host="cct.com.SIVYHAMAGRICULTURETECHNOLOGY.poultry"
85-->src\main\AndroidManifest.xml:76:48-74
86                    android:scheme="fbconnect" />
86-->src\main\AndroidManifest.xml:37:23-72
87            </intent-filter>
88        </activity>
89        <activity
89-->src\main\AndroidManifest.xml:41:9-79:20
90            android:name="com.SIVYHAMAGRICULTURETECHNOLOGY.poultry.MainActivity"
90-->src\main\AndroidManifest.xml:42:13-41
91            android:configChanges="orientation|keyboardHidden|keyboard|screenSize|smallestScreenSize|locale|layoutDirection|fontScale|screenLayout|density|uiMode"
91-->src\main\AndroidManifest.xml:46:13-163
92            android:exported="true"
92-->src\main\AndroidManifest.xml:43:13-36
93            android:hardwareAccelerated="true"
93-->src\main\AndroidManifest.xml:47:13-47
94            android:launchMode="singleTop"
94-->src\main\AndroidManifest.xml:44:13-43
95            android:theme="@style/LaunchTheme"
95-->src\main\AndroidManifest.xml:45:13-47
96            android:windowSoftInputMode="adjustResize" >
96-->src\main\AndroidManifest.xml:48:13-55
97
98            <!--
99                 Specifies an Android theme to apply to this Activity as soon as
100                 the Android process has started. This theme is visible to the user
101                 while the Flutter UI initializes. After that, this theme continues
102                 to determine the Window background behind the Flutter UI.
103            -->
104            <meta-data
104-->src\main\AndroidManifest.xml:53:13-56:17
105                android:name="io.flutter.embedding.android.NormalTheme"
105-->src\main\AndroidManifest.xml:54:15-70
106                android:resource="@style/NormalTheme" />
106-->src\main\AndroidManifest.xml:55:15-52
107            <!--
108                 Displays an Android View that continues showing the launch screen
109                 Drawable until Flutter paints its first frame, then this splash
110                 screen fades out. A splash screen is useful to avoid any visual
111                 gap between the end of Android's launch screen and the painting of
112                 Flutter's first frame.
113            -->
114            <meta-data
114-->src\main\AndroidManifest.xml:62:13-65:17
115                android:name="io.flutter.embedding.android.SplashScreenDrawable"
115-->src\main\AndroidManifest.xml:63:15-79
116                android:resource="@drawable/launch_background" />
116-->src\main\AndroidManifest.xml:64:15-61
117
118            <intent-filter>
118-->src\main\AndroidManifest.xml:66:13-69:29
119                <action android:name="android.intent.action.MAIN" />
119-->src\main\AndroidManifest.xml:67:17-68
119-->src\main\AndroidManifest.xml:67:25-66
120
121                <category android:name="android.intent.category.LAUNCHER" />
121-->src\main\AndroidManifest.xml:68:17-76
121-->src\main\AndroidManifest.xml:68:27-74
122            </intent-filter>
123            <!-- Deep linking -->
124            <meta-data
124-->src\main\AndroidManifest.xml:71:13-90
125                android:name="flutter_deeplinking_enabled"
125-->src\main\AndroidManifest.xml:71:24-66
126                android:value="true" />
126-->src\main\AndroidManifest.xml:71:67-87
127
128            <intent-filter android:autoVerify="true" >
128-->src\main\AndroidManifest.xml:72:13-77:29
128-->src\main\AndroidManifest.xml:72:28-53
129                <action android:name="android.intent.action.VIEW" />
129-->src\main\AndroidManifest.xml:34:17-69
129-->src\main\AndroidManifest.xml:34:25-66
130
131                <category android:name="android.intent.category.DEFAULT" />
131-->src\main\AndroidManifest.xml:35:17-76
131-->src\main\AndroidManifest.xml:35:27-73
132                <category android:name="android.intent.category.BROWSABLE" />
132-->src\main\AndroidManifest.xml:36:17-78
132-->src\main\AndroidManifest.xml:36:27-75
133
134                <data
134-->src\main\AndroidManifest.xml:37:17-75
135                    android:host="poultry.com"
135-->src\main\AndroidManifest.xml:76:48-74
136                    android:scheme="poultry" />
136-->src\main\AndroidManifest.xml:37:23-72
137            </intent-filter>
138        </activity>
139
140        <!--
141             Don't delete the meta-data below.
142             This is used by the Flutter tool to generate GeneratedPluginRegistrant.java
143        -->
144        <meta-data
144-->src\main\AndroidManifest.xml:83:9-85:33
145            android:name="flutterEmbedding"
145-->src\main\AndroidManifest.xml:84:13-44
146            android:value="2" />
146-->src\main\AndroidManifest.xml:85:13-30
147
148        <service
148-->[:cloud_firestore] AndroidManifest.xml:10:9-14:19
149            android:name="com.google.firebase.components.ComponentDiscoveryService"
149-->[:cloud_firestore] AndroidManifest.xml:10:18-89
150            android:directBootAware="true"
150-->[com.google.firebase:firebase-common:21.0.0] AndroidManifest.xml:32:13-43
151            android:exported="false" >
151-->[com.google.firebase:firebase-perf:21.0.1] AndroidManifest.xml:13:13-37
152            <meta-data
152-->[:cloud_firestore] AndroidManifest.xml:11:13-13:85
153                android:name="com.google.firebase.components:io.flutter.plugins.firebase.firestore.FlutterFirebaseFirestoreRegistrar"
153-->[:cloud_firestore] AndroidManifest.xml:12:17-134
154                android:value="com.google.firebase.components.ComponentRegistrar" />
154-->[:cloud_firestore] AndroidManifest.xml:13:17-82
155            <meta-data
155-->[:firebase_auth] AndroidManifest.xml:11:13-13:85
156                android:name="com.google.firebase.components:io.flutter.plugins.firebase.auth.FlutterFirebaseAuthRegistrar"
156-->[:firebase_auth] AndroidManifest.xml:12:17-124
157                android:value="com.google.firebase.components.ComponentRegistrar" />
157-->[:firebase_auth] AndroidManifest.xml:13:17-82
158            <meta-data
158-->[:firebase_performance] AndroidManifest.xml:13:13-15:85
159                android:name="com.google.firebase.components:io.flutter.plugins.firebase.performance.FlutterFirebaseAppRegistrar"
159-->[:firebase_performance] AndroidManifest.xml:14:17-130
160                android:value="com.google.firebase.components.ComponentRegistrar" />
160-->[:firebase_performance] AndroidManifest.xml:15:17-82
161            <meta-data
161-->[:firebase_storage] AndroidManifest.xml:11:13-13:85
162                android:name="com.google.firebase.components:io.flutter.plugins.firebase.storage.FlutterFirebaseAppRegistrar"
162-->[:firebase_storage] AndroidManifest.xml:12:17-126
163                android:value="com.google.firebase.components.ComponentRegistrar" />
163-->[:firebase_storage] AndroidManifest.xml:13:17-82
164            <meta-data
164-->[:firebase_core] AndroidManifest.xml:11:13-13:85
165                android:name="com.google.firebase.components:io.flutter.plugins.firebase.core.FlutterFirebaseCoreRegistrar"
165-->[:firebase_core] AndroidManifest.xml:12:17-124
166                android:value="com.google.firebase.components.ComponentRegistrar" />
166-->[:firebase_core] AndroidManifest.xml:13:17-82
167            <meta-data
167-->[com.google.firebase:firebase-perf:21.0.1] AndroidManifest.xml:14:13-16:85
168                android:name="com.google.firebase.components:com.google.firebase.perf.FirebasePerfKtxRegistrar"
168-->[com.google.firebase:firebase-perf:21.0.1] AndroidManifest.xml:15:17-112
169                android:value="com.google.firebase.components.ComponentRegistrar" />
169-->[com.google.firebase:firebase-perf:21.0.1] AndroidManifest.xml:16:17-82
170            <meta-data
170-->[com.google.firebase:firebase-perf:21.0.1] AndroidManifest.xml:17:13-19:85
171                android:name="com.google.firebase.components:com.google.firebase.perf.FirebasePerfRegistrar"
171-->[com.google.firebase:firebase-perf:21.0.1] AndroidManifest.xml:18:17-109
172                android:value="com.google.firebase.components.ComponentRegistrar" />
172-->[com.google.firebase:firebase-perf:21.0.1] AndroidManifest.xml:19:17-82
173            <meta-data
173-->[com.google.firebase:firebase-sessions:2.0.0] AndroidManifest.xml:29:13-31:85
174                android:name="com.google.firebase.components:com.google.firebase.sessions.FirebaseSessionsRegistrar"
174-->[com.google.firebase:firebase-sessions:2.0.0] AndroidManifest.xml:30:17-117
175                android:value="com.google.firebase.components.ComponentRegistrar" />
175-->[com.google.firebase:firebase-sessions:2.0.0] AndroidManifest.xml:31:17-82
176            <meta-data
176-->[com.google.firebase:firebase-auth:23.0.0] AndroidManifest.xml:69:13-71:85
177                android:name="com.google.firebase.components:com.google.firebase.auth.FirebaseAuthRegistrar"
177-->[com.google.firebase:firebase-auth:23.0.0] AndroidManifest.xml:70:17-109
178                android:value="com.google.firebase.components.ComponentRegistrar" />
178-->[com.google.firebase:firebase-auth:23.0.0] AndroidManifest.xml:71:17-82
179            <meta-data
179-->[com.google.firebase:firebase-firestore:25.1.0] AndroidManifest.xml:17:13-19:85
180                android:name="com.google.firebase.components:com.google.firebase.firestore.FirebaseFirestoreKtxRegistrar"
180-->[com.google.firebase:firebase-firestore:25.1.0] AndroidManifest.xml:18:17-122
181                android:value="com.google.firebase.components.ComponentRegistrar" />
181-->[com.google.firebase:firebase-firestore:25.1.0] AndroidManifest.xml:19:17-82
182            <meta-data
182-->[com.google.firebase:firebase-firestore:25.1.0] AndroidManifest.xml:20:13-22:85
183                android:name="com.google.firebase.components:com.google.firebase.firestore.FirestoreRegistrar"
183-->[com.google.firebase:firebase-firestore:25.1.0] AndroidManifest.xml:21:17-111
184                android:value="com.google.firebase.components.ComponentRegistrar" />
184-->[com.google.firebase:firebase-firestore:25.1.0] AndroidManifest.xml:22:17-82
185            <meta-data
185-->[com.google.firebase:firebase-storage:21.0.0] AndroidManifest.xml:30:13-32:85
186                android:name="com.google.firebase.components:com.google.firebase.storage.FirebaseStorageKtxRegistrar"
186-->[com.google.firebase:firebase-storage:21.0.0] AndroidManifest.xml:31:17-118
187                android:value="com.google.firebase.components.ComponentRegistrar" />
187-->[com.google.firebase:firebase-storage:21.0.0] AndroidManifest.xml:32:17-82
188            <meta-data
188-->[com.google.firebase:firebase-storage:21.0.0] AndroidManifest.xml:33:13-35:85
189                android:name="com.google.firebase.components:com.google.firebase.storage.StorageRegistrar"
189-->[com.google.firebase:firebase-storage:21.0.0] AndroidManifest.xml:34:17-107
190                android:value="com.google.firebase.components.ComponentRegistrar" />
190-->[com.google.firebase:firebase-storage:21.0.0] AndroidManifest.xml:35:17-82
191            <meta-data
191-->[com.google.firebase:firebase-config:22.0.0] AndroidManifest.xml:29:13-31:85
192                android:name="com.google.firebase.components:com.google.firebase.remoteconfig.FirebaseRemoteConfigKtxRegistrar"
192-->[com.google.firebase:firebase-config:22.0.0] AndroidManifest.xml:30:17-128
193                android:value="com.google.firebase.components.ComponentRegistrar" />
193-->[com.google.firebase:firebase-config:22.0.0] AndroidManifest.xml:31:17-82
194            <meta-data
194-->[com.google.firebase:firebase-config:22.0.0] AndroidManifest.xml:32:13-34:85
195                android:name="com.google.firebase.components:com.google.firebase.remoteconfig.RemoteConfigRegistrar"
195-->[com.google.firebase:firebase-config:22.0.0] AndroidManifest.xml:33:17-117
196                android:value="com.google.firebase.components.ComponentRegistrar" />
196-->[com.google.firebase:firebase-config:22.0.0] AndroidManifest.xml:34:17-82
197            <meta-data
197-->[com.google.firebase:firebase-installations:18.0.0] AndroidManifest.xml:15:13-17:85
198                android:name="com.google.firebase.components:com.google.firebase.installations.FirebaseInstallationsKtxRegistrar"
198-->[com.google.firebase:firebase-installations:18.0.0] AndroidManifest.xml:16:17-130
199                android:value="com.google.firebase.components.ComponentRegistrar" />
199-->[com.google.firebase:firebase-installations:18.0.0] AndroidManifest.xml:17:17-82
200            <meta-data
200-->[com.google.firebase:firebase-installations:18.0.0] AndroidManifest.xml:18:13-20:85
201                android:name="com.google.firebase.components:com.google.firebase.installations.FirebaseInstallationsRegistrar"
201-->[com.google.firebase:firebase-installations:18.0.0] AndroidManifest.xml:19:17-127
202                android:value="com.google.firebase.components.ComponentRegistrar" />
202-->[com.google.firebase:firebase-installations:18.0.0] AndroidManifest.xml:20:17-82
203            <meta-data
203-->[com.google.firebase:firebase-appcheck:18.0.0] AndroidManifest.xml:25:13-27:85
204                android:name="com.google.firebase.components:com.google.firebase.appcheck.FirebaseAppCheckKtxRegistrar"
204-->[com.google.firebase:firebase-appcheck:18.0.0] AndroidManifest.xml:26:17-120
205                android:value="com.google.firebase.components.ComponentRegistrar" />
205-->[com.google.firebase:firebase-appcheck:18.0.0] AndroidManifest.xml:27:17-82
206            <meta-data
206-->[com.google.firebase:firebase-appcheck:18.0.0] AndroidManifest.xml:28:13-30:85
207                android:name="com.google.firebase.components:com.google.firebase.appcheck.FirebaseAppCheckRegistrar"
207-->[com.google.firebase:firebase-appcheck:18.0.0] AndroidManifest.xml:29:17-117
208                android:value="com.google.firebase.components.ComponentRegistrar" />
208-->[com.google.firebase:firebase-appcheck:18.0.0] AndroidManifest.xml:30:17-82
209            <meta-data
209-->[com.google.firebase:firebase-common-ktx:21.0.0] AndroidManifest.xml:12:13-14:85
210                android:name="com.google.firebase.components:com.google.firebase.ktx.FirebaseCommonLegacyRegistrar"
210-->[com.google.firebase:firebase-common-ktx:21.0.0] AndroidManifest.xml:13:17-116
211                android:value="com.google.firebase.components.ComponentRegistrar" />
211-->[com.google.firebase:firebase-common-ktx:21.0.0] AndroidManifest.xml:14:17-82
212            <meta-data
212-->[com.google.firebase:firebase-common:21.0.0] AndroidManifest.xml:35:13-37:85
213                android:name="com.google.firebase.components:com.google.firebase.FirebaseCommonKtxRegistrar"
213-->[com.google.firebase:firebase-common:21.0.0] AndroidManifest.xml:36:17-109
214                android:value="com.google.firebase.components.ComponentRegistrar" />
214-->[com.google.firebase:firebase-common:21.0.0] AndroidManifest.xml:37:17-82
215            <meta-data
215-->[com.google.firebase:firebase-abt:21.1.1] AndroidManifest.xml:12:13-14:85
216                android:name="com.google.firebase.components:com.google.firebase.abt.component.AbtRegistrar"
216-->[com.google.firebase:firebase-abt:21.1.1] AndroidManifest.xml:13:17-109
217                android:value="com.google.firebase.components.ComponentRegistrar" />
217-->[com.google.firebase:firebase-abt:21.1.1] AndroidManifest.xml:14:17-82
218            <meta-data
218-->[com.google.firebase:firebase-datatransport:18.1.8] AndroidManifest.xml:27:13-29:85
219                android:name="com.google.firebase.components:com.google.firebase.datatransport.TransportRegistrar"
219-->[com.google.firebase:firebase-datatransport:18.1.8] AndroidManifest.xml:28:17-115
220                android:value="com.google.firebase.components.ComponentRegistrar" />
220-->[com.google.firebase:firebase-datatransport:18.1.8] AndroidManifest.xml:29:17-82
221        </service>
222
223        <provider
223-->[:image_picker_android] AndroidManifest.xml:11:9-19:20
224            android:name="io.flutter.plugins.imagepicker.ImagePickerFileProvider"
224-->[:image_picker_android] AndroidManifest.xml:12:13-82
225            android:authorities="com.SIVYHAMAGRICULTURETECHNOLOGY.poultry.flutter.image_provider"
225-->[:image_picker_android] AndroidManifest.xml:13:13-74
226            android:exported="false"
226-->[:image_picker_android] AndroidManifest.xml:14:13-37
227            android:grantUriPermissions="true" >
227-->[:image_picker_android] AndroidManifest.xml:15:13-47
228            <meta-data
228-->[:image_picker_android] AndroidManifest.xml:16:13-18:75
229                android:name="android.support.FILE_PROVIDER_PATHS"
229-->[:image_picker_android] AndroidManifest.xml:17:17-67
230                android:resource="@xml/flutter_image_picker_file_paths" />
230-->[:image_picker_android] AndroidManifest.xml:18:17-72
231        </provider> <!-- Trigger Google Play services to install the backported photo picker module. -->
232        <service
232-->[:image_picker_android] AndroidManifest.xml:21:9-33:19
233            android:name="com.google.android.gms.metadata.ModuleDependencies"
233-->[:image_picker_android] AndroidManifest.xml:22:13-78
234            android:enabled="false"
234-->[:image_picker_android] AndroidManifest.xml:23:13-36
235            android:exported="false" >
235-->[:image_picker_android] AndroidManifest.xml:24:13-37
236            <intent-filter>
236-->[:image_picker_android] AndroidManifest.xml:26:13-28:29
237                <action android:name="com.google.android.gms.metadata.MODULE_DEPENDENCIES" />
237-->[:image_picker_android] AndroidManifest.xml:27:17-94
237-->[:image_picker_android] AndroidManifest.xml:27:25-91
238            </intent-filter>
239
240            <meta-data
240-->[:image_picker_android] AndroidManifest.xml:30:13-32:36
241                android:name="photopicker_activity:0:required"
241-->[:image_picker_android] AndroidManifest.xml:31:17-63
242                android:value="" />
242-->[:image_picker_android] AndroidManifest.xml:32:17-33
243        </service>
244
245        <activity
245-->[:url_launcher_android] AndroidManifest.xml:10:9-13:74
246            android:name="io.flutter.plugins.urllauncher.WebViewActivity"
246-->[:url_launcher_android] AndroidManifest.xml:11:13-74
247            android:exported="false"
247-->[:url_launcher_android] AndroidManifest.xml:12:13-37
248            android:theme="@android:style/Theme.NoTitleBar.Fullscreen" />
248-->[:url_launcher_android] AndroidManifest.xml:13:13-71
249
250        <service
250-->[com.google.firebase:firebase-sessions:2.0.0] AndroidManifest.xml:22:9-25:40
251            android:name="com.google.firebase.sessions.SessionLifecycleService"
251-->[com.google.firebase:firebase-sessions:2.0.0] AndroidManifest.xml:23:13-80
252            android:enabled="true"
252-->[com.google.firebase:firebase-sessions:2.0.0] AndroidManifest.xml:24:13-35
253            android:exported="false" />
253-->[com.google.firebase:firebase-sessions:2.0.0] AndroidManifest.xml:25:13-37
254
255        <activity
255-->[com.google.firebase:firebase-auth:23.0.0] AndroidManifest.xml:29:9-46:20
256            android:name="com.google.firebase.auth.internal.GenericIdpActivity"
256-->[com.google.firebase:firebase-auth:23.0.0] AndroidManifest.xml:30:13-80
257            android:excludeFromRecents="true"
257-->[com.google.firebase:firebase-auth:23.0.0] AndroidManifest.xml:31:13-46
258            android:exported="true"
258-->[com.google.firebase:firebase-auth:23.0.0] AndroidManifest.xml:32:13-36
259            android:launchMode="singleTask"
259-->[com.google.firebase:firebase-auth:23.0.0] AndroidManifest.xml:33:13-44
260            android:theme="@android:style/Theme.Translucent.NoTitleBar" >
260-->[com.google.firebase:firebase-auth:23.0.0] AndroidManifest.xml:34:13-72
261            <intent-filter>
261-->[com.google.firebase:firebase-auth:23.0.0] AndroidManifest.xml:35:13-45:29
262                <action android:name="android.intent.action.VIEW" />
262-->src\main\AndroidManifest.xml:34:17-69
262-->src\main\AndroidManifest.xml:34:25-66
263
264                <category android:name="android.intent.category.DEFAULT" />
264-->src\main\AndroidManifest.xml:35:17-76
264-->src\main\AndroidManifest.xml:35:27-73
265                <category android:name="android.intent.category.BROWSABLE" />
265-->src\main\AndroidManifest.xml:36:17-78
265-->src\main\AndroidManifest.xml:36:27-75
266
267                <data
267-->src\main\AndroidManifest.xml:37:17-75
268                    android:host="firebase.auth"
268-->src\main\AndroidManifest.xml:76:48-74
269                    android:path="/"
270                    android:scheme="genericidp" />
270-->src\main\AndroidManifest.xml:37:23-72
271            </intent-filter>
272        </activity>
273        <activity
273-->[com.google.firebase:firebase-auth:23.0.0] AndroidManifest.xml:47:9-64:20
274            android:name="com.google.firebase.auth.internal.RecaptchaActivity"
274-->[com.google.firebase:firebase-auth:23.0.0] AndroidManifest.xml:48:13-79
275            android:excludeFromRecents="true"
275-->[com.google.firebase:firebase-auth:23.0.0] AndroidManifest.xml:49:13-46
276            android:exported="true"
276-->[com.google.firebase:firebase-auth:23.0.0] AndroidManifest.xml:50:13-36
277            android:launchMode="singleTask"
277-->[com.google.firebase:firebase-auth:23.0.0] AndroidManifest.xml:51:13-44
278            android:theme="@android:style/Theme.Translucent.NoTitleBar" >
278-->[com.google.firebase:firebase-auth:23.0.0] AndroidManifest.xml:52:13-72
279            <intent-filter>
279-->[com.google.firebase:firebase-auth:23.0.0] AndroidManifest.xml:53:13-63:29